<?xml version="1.0" encoding="UTF-8"?>
<testng-results ignored="0" total="2" passed="2" failed="0" skipped="0">
  <reporter-output>
  </reporter-output>
  <suite started-at="2023-07-04T18:56:26 IST" name="Default suite" finished-at="2023-07-04T18:56:37 IST" duration-ms="11196">
    <groups>
    </groups>
    <test started-at="2023-07-04T18:56:26 IST" name="Default test" finished-at="2023-07-04T18:56:37 IST" duration-ms="11196">
      <class name="TestCases.VerifyLoginPage">
        <test-method is-config="true" signature="BrowserLaunch()[pri:0, instance:TestCases.VerifyLoginPage@707194ba]" started-at="2023-07-04T18:56:26 IST" name="BrowserLaunch" finished-at="2023-07-04T18:56:31 IST" duration-ms="5332" status="PASS">
          <reporter-output>
          </reporter-output>
        </test-method> <!-- BrowserLaunch -->
        <test-method signature="verifyLoginPage(java.lang.String,java.lang.String)[pri:0, instance:TestCases.VerifyLoginPage@707194ba]" started-at="2023-07-04T18:56:31 IST" name="verifyLoginPage" data-provider="testdata" finished-at="2023-07-04T18:56:33 IST" duration-ms="1060" status="PASS">
          <params>
            <param index="0">
              <value>
                <![CDATA[user1]]>
              </value>
            </param>
            <param index="1">
              <value>
                <![CDATA[pass1]]>
              </value>
            </param>
          </params>
          <reporter-output>
          </reporter-output>
        </test-method> <!-- verifyLoginPage -->
        <test-method is-config="true" signature="CloseBrowser()[pri:0, instance:TestCases.VerifyLoginPage@707194ba]" started-at="2023-07-04T18:56:33 IST" name="CloseBrowser" finished-at="2023-07-04T18:56:33 IST" duration-ms="419" status="PASS">
          <reporter-output>
          </reporter-output>
        </test-method> <!-- CloseBrowser -->
        <test-method is-config="true" signature="BrowserLaunch()[pri:0, instance:TestCases.VerifyLoginPage@707194ba]" started-at="2023-07-04T18:56:33 IST" name="BrowserLaunch" finished-at="2023-07-04T18:56:36 IST" duration-ms="2886" status="PASS">
          <reporter-output>
          </reporter-output>
        </test-method> <!-- BrowserLaunch -->
        <test-method signature="verifyLoginPage(java.lang.String,java.lang.String)[pri:0, instance:TestCases.VerifyLoginPage@707194ba]" started-at="2023-07-04T18:56:36 IST" name="verifyLoginPage" data-provider="testdata" finished-at="2023-07-04T18:56:37 IST" duration-ms="1039" status="PASS">
          <params>
            <param index="0">
              <value>
                <![CDATA[user2]]>
              </value>
            </param>
            <param index="1">
              <value>
                <![CDATA[pass2]]>
              </value>
            </param>
          </params>
          <reporter-output>
          </reporter-output>
        </test-method> <!-- verifyLoginPage -->
        <test-method is-config="true" signature="CloseBrowser()[pri:0, instance:TestCases.VerifyLoginPage@707194ba]" started-at="2023-07-04T18:56:37 IST" name="CloseBrowser" finished-at="2023-07-04T18:56:37 IST" duration-ms="335" status="PASS">
          <reporter-output>
          </reporter-output>
        </test-method> <!-- CloseBrowser -->
      </class> <!-- TestCases.VerifyLoginPage -->
    </test> <!-- Default test -->
  </suite> <!-- Default suite -->
</testng-results>
